Vivado Simulator 2019.2
Copyright 1986-1999, 2001-2019 Xilinx, Inc. All Rights Reserved.
Running: C:/Xilinx/Vivado/2019.2/bin/unwrapped/win64.o/xelab.exe -wto 84d7a75ecf414296baf1e1146308833f --incr --debug typical --relax --mt 2 -L xil_defaultlib -L secureip --snapshot mainSrc_behav xil_defaultlib.mainSrc -log elaborate.log 
Using 2 slave threads.
Starting static elaboration
Completed static elaboration
Starting simulation data flow analysis
Completed simulation data flow analysis
Time Resolution for simulation is 1ps
Compiling package std.standard
Compiling package std.textio
Compiling package ieee.std_logic_1164
Compiling package ieee.numeric_std
Compiling package ieee.std_logic_arith
Compiling package ieee.std_logic_unsigned
Compiling package unisim.vcomponents
Compiling architecture behavioral of entity xil_defaultlib.counterSrc [\counterSrc(z=24)\]
Compiling architecture behavioral of entity xil_defaultlib.trigGenSrc [triggensrc_default]
Compiling architecture behavioral of entity xil_defaultlib.counterSrc [\counterSrc(z=22)\]
Compiling architecture behavioral of entity xil_defaultlib.distanceSrc [distancesrc_default]
Compiling architecture behavioral of entity xil_defaultlib.bintoBCD [bintobcd_default]
Compiling architecture behavioral of entity xil_defaultlib.rangeSensor [rangesensor_default]
Compiling architecture behavioral of entity xil_defaultlib.segmentDecoder [segmentdecoder_default]
Compiling architecture behavioral of entity xil_defaultlib.clockDivider [clockdivider_default]
Compiling architecture behavioral of entity xil_defaultlib.segmentDriver [segmentdriver_default]
Compiling architecture behavioral of entity xil_defaultlib.mainsrc
Built simulation snapshot mainSrc_behav
